TN:
SF:src/app.ts
FN:10,main
FNF:1
FNH:1
FNDA:1,main
DA:1,1
DA:2,1
DA:3,1
DA:4,1
DA:5,1
DA:6,1
DA:7,1
DA:8,1
DA:9,1
DA:10,1
DA:11,1
DA:12,1
DA:13,1
DA:14,1
DA:15,1
DA:16,1
DA:17,1
LF:17
LH:17
BRDA:6,0,0,1
BRDA:10,1,0,1
BRF:2
BRH:2
end_of_record
TN:
SF:src/config/envs.ts
FNF:0
FNH:0
DA:1,1
DA:2,1
DA:3,1
DA:4,1
DA:5,1
DA:6,1
DA:7,1
DA:8,1
LF:8
LH:8
BRF:0
BRH:0
end_of_record
TN:
SF:src/data/postgres/index.ts
FNF:0
FNH:0
DA:1,1
DA:2,1
DA:3,1
DA:4,1
DA:5,1
DA:6,1
DA:7,1
DA:8,1
LF:8
LH:8
BRF:0
BRH:0
end_of_record
TN:
SF:src/domain/index.ts
FNF:0
FNH:0
DA:1,1
DA:2,1
DA:3,1
DA:4,1
DA:5,1
DA:6,1
DA:7,1
DA:8,1
DA:9,1
DA:10,1
LF:10
LH:10
BRF:0
BRH:0
end_of_record
TN:
SF:src/domain/datasources/todo.datasource.ts
FNF:0
FNH:0
DA:1,1
DA:2,1
DA:3,1
DA:4,1
DA:5,1
DA:6,1
DA:7,1
DA:8,1
DA:9,1
DA:10,1
DA:11,1
DA:12,1
LF:12
LH:12
BRF:0
BRH:0
end_of_record
TN:
SF:src/domain/dtos/todos/create-todo.dto.ts
FN:4,<instance_members_initializer>
FN:3,CreateTodoDto
FN:7,create
FNF:3
FNH:3
FNDA:1,<instance_members_initializer>
FNDA:1,CreateTodoDto
FNDA:3,create
DA:1,1
DA:2,1
DA:3,1
DA:4,1
DA:5,1
DA:6,1
DA:7,1
DA:8,3
DA:9,3
DA:10,3
DA:11,3
DA:12,1
DA:13,1
DA:14,1
LF:14
LH:14
BRDA:4,0,0,1
BRDA:3,1,0,1
BRDA:7,2,0,3
BRDA:11,3,0,1
BRDA:11,4,0,2
BRDA:12,5,0,1
BRF:6
BRH:6
end_of_record
TN:
SF:src/domain/entities/todo.entity.ts
FN:4,<instance_members_initializer>
FN:3,TodoEntity
FN:9,get isCompleted
FN:13,fromObject
FNF:4
FNH:4
FNDA:14,<instance_members_initializer>
FNDA:14,TodoEntity
FNDA:2,get isCompleted
FNDA:15,fromObject
DA:1,1
DA:2,1
DA:3,1
DA:4,14
DA:5,14
DA:6,14
DA:7,14
DA:8,1
DA:9,1
DA:10,2
DA:11,2
DA:12,1
DA:13,1
DA:14,15
DA:15,15
DA:16,15
DA:17,12
DA:18,12
DA:19,12
DA:20,4
DA:21,4
DA:22,1
DA:23,1
DA:24,4
DA:25,11
DA:26,11
DA:27,11
DA:28,1
LF:28
LH:28
BRDA:4,0,0,14
BRDA:3,1,0,14
BRDA:9,2,0,2
BRDA:13,3,0,15
BRDA:15,4,0,1
BRDA:16,5,0,14
BRDA:16,6,0,13
BRDA:16,7,0,12
BRDA:16,8,0,2
BRDA:19,9,0,4
BRDA:21,10,0,1
BRDA:25,11,0,11
BRF:12
BRH:12
end_of_record
TN:
SF:src/domain/errors/custom.error.ts
FN:4,<instance_members_initializer>
FN:3,CustomError
FNF:2
FNH:2
FNDA:3,<instance_members_initializer>
FNDA:3,CustomError
DA:1,1
DA:2,1
DA:3,1
DA:4,3
DA:5,3
DA:6,3
DA:7,3
DA:8,3
DA:9,1
LF:9
LH:9
BRDA:4,0,0,3
BRDA:3,1,0,3
BRF:2
BRH:2
end_of_record
TN:
SF:src/domain/repositories/todo.repository.ts
FNF:0
FNH:0
DA:1,1
DA:2,1
DA:3,1
DA:4,1
DA:5,1
DA:6,1
DA:7,1
DA:8,1
DA:9,1
DA:10,1
DA:11,1
DA:12,1
LF:12
LH:12
BRF:0
BRH:0
end_of_record
TN:
SF:src/domain/use-cases/todo/create-todo.ts
FN:12,<instance_members_initializer>
FN:11,CreateTodo
FN:15,execute
FNF:3
FNH:3
FNDA:1,<instance_members_initializer>
FNDA:1,CreateTodo
FNDA:1,execute
DA:1,1
DA:2,1
DA:3,1
DA:4,1
DA:5,1
DA:6,1
DA:7,1
DA:8,1
DA:9,1
DA:10,1
DA:11,1
DA:12,1
DA:13,1
DA:14,1
DA:15,1
DA:16,1
DA:17,1
DA:18,1
DA:19,1
LF:19
LH:19
BRDA:12,0,0,1
BRDA:11,1,0,1
BRDA:15,2,0,1
BRF:3
BRH:3
end_of_record
TN:
SF:src/domain/use-cases/todo/delete-todo.ts
FN:11,<instance_members_initializer>
FN:10,DeleteTodo
FN:14,execute
FNF:3
FNH:3
FNDA:2,<instance_members_initializer>
FNDA:2,DeleteTodo
FNDA:2,execute
DA:1,1
DA:2,1
DA:3,1
DA:4,1
DA:5,1
DA:6,1
DA:7,1
DA:8,1
DA:9,1
DA:10,1
DA:11,2
DA:12,2
DA:13,1
DA:14,1
DA:15,2
DA:16,2
DA:17,1
DA:18,1
LF:18
LH:18
BRDA:11,0,0,2
BRDA:10,1,0,2
BRDA:14,2,0,2
BRF:3
BRH:3
end_of_record
TN:
SF:src/domain/use-cases/todo/get-todo.ts
FN:11,<instance_members_initializer>
FN:10,GetTodo
FN:14,execute
FNF:3
FNH:3
FNDA:2,<instance_members_initializer>
FNDA:2,GetTodo
FNDA:2,execute
DA:1,1
DA:2,1
DA:3,1
DA:4,1
DA:5,1
DA:6,1
DA:7,1
DA:8,1
DA:9,1
DA:10,1
DA:11,2
DA:12,2
DA:13,1
DA:14,1
DA:15,2
DA:16,2
DA:17,1
LF:17
LH:17
BRDA:11,0,0,2
BRDA:10,1,0,2
BRDA:14,2,0,2
BRF:3
BRH:3
end_of_record
TN:
SF:src/domain/use-cases/todo/get-todos.ts
FN:11,<instance_members_initializer>
FN:10,GetTodos
FN:14,execute
FNF:3
FNH:3
FNDA:1,<instance_members_initializer>
FNDA:1,GetTodos
FNDA:1,execute
DA:1,1
DA:2,1
DA:3,1
DA:4,1
DA:5,1
DA:6,1
DA:7,1
DA:8,1
DA:9,1
DA:10,1
DA:11,1
DA:12,1
DA:13,1
DA:14,1
DA:15,1
DA:16,1
DA:17,1
LF:17
LH:17
BRDA:11,0,0,1
BRDA:10,1,0,1
BRDA:14,2,0,1
BRF:3
BRH:3
end_of_record
TN:
SF:src/domain/use-cases/todo/update-todo.ts
FN:12,<instance_members_initializer>
FN:11,UpdateTodo
FN:15,execute
FNF:3
FNH:3
FNDA:3,<instance_members_initializer>
FNDA:3,UpdateTodo
FNDA:3,execute
DA:1,1
DA:2,1
DA:3,1
DA:4,1
DA:5,1
DA:6,1
DA:7,1
DA:8,1
DA:9,1
DA:10,1
DA:11,1
DA:12,3
DA:13,3
DA:14,1
DA:15,1
DA:16,3
DA:17,3
DA:18,1
DA:19,1
LF:19
LH:19
BRDA:12,0,0,3
BRDA:11,1,0,3
BRDA:15,2,0,3
BRF:3
BRH:3
end_of_record
TN:
SF:src/infraestructure/datasource/todo.datasource.impl.ts
FN:6,create
FN:15,getAll
FN:20,findById
FN:31,updateById
FN:44,deleteById
FNF:5
FNH:5
FNDA:1,create
FNDA:1,getAll
FNDA:7,findById
FNDA:3,updateById
FNDA:2,deleteById
DA:1,1
DA:2,1
DA:3,1
DA:4,1
DA:5,1
DA:6,1
DA:7,1
DA:8,1
DA:9,1
DA:10,1
DA:11,1
DA:12,1
DA:13,1
DA:14,1
DA:15,1
DA:16,1
DA:17,1
DA:18,1
DA:19,1
DA:20,1
DA:21,7
DA:22,7
DA:23,7
DA:24,7
DA:25,7
DA:26,7
DA:27,7
DA:28,4
DA:29,4
DA:30,1
DA:31,1
DA:32,3
DA:33,2
DA:34,2
DA:35,2
DA:36,2
DA:37,2
DA:38,2
DA:39,2
DA:40,2
DA:41,2
DA:42,2
DA:43,1
DA:44,1
DA:45,2
DA:46,1
DA:47,1
DA:48,1
DA:49,1
DA:50,1
DA:51,1
DA:52,1
DA:53,1
DA:54,1
DA:55,1
DA:56,1
LF:56
LH:56
BRDA:6,0,0,1
BRDA:15,1,0,1
BRDA:17,2,0,2
BRDA:20,3,0,7
BRDA:27,4,0,3
BRDA:28,5,0,4
BRDA:31,6,0,3
BRDA:33,7,0,2
BRDA:44,8,0,2
BRDA:46,9,0,1
BRF:10
BRH:10
end_of_record
TN:
SF:src/infraestructure/repositories/todo.repository.impl.ts
FN:7,<instance_members_initializer>
FN:6,TodoRepositoryImpl
FN:10,create
FN:13,getAll
FN:16,findById
FN:19,updateById
FN:22,deleteById
FNF:7
FNH:7
FNDA:2,<instance_members_initializer>
FNDA:2,TodoRepositoryImpl
FNDA:1,create
FNDA:1,getAll
FNDA:2,findById
FNDA:3,updateById
FNDA:2,deleteById
DA:1,1
DA:2,1
DA:3,1
DA:4,1
DA:5,1
DA:6,1
DA:7,2
DA:8,2
DA:9,1
DA:10,1
DA:11,1
DA:12,1
DA:13,1
DA:14,1
DA:15,1
DA:16,1
DA:17,2
DA:18,2
DA:19,1
DA:20,3
DA:21,3
DA:22,1
DA:23,2
DA:24,2
DA:25,1
LF:25
LH:25
BRDA:7,0,0,2
BRDA:6,1,0,2
BRDA:10,2,0,1
BRDA:13,3,0,1
BRDA:16,4,0,2
BRDA:19,5,0,3
BRDA:22,6,0,2
BRF:7
BRH:7
end_of_record
TN:
SF:src/presentation/server.ts
FN:13,<instance_members_initializer>
FN:19,Server
FN:26,start
FN:51,close
FNF:4
FNH:4
FNDA:1,<instance_members_initializer>
FNDA:1,Server
FNDA:1,start
FNDA:1,close
DA:1,1
DA:2,1
DA:3,1
DA:4,1
DA:5,1
DA:6,1
DA:7,1
DA:8,1
DA:9,1
DA:10,1
DA:11,1
DA:12,1
DA:13,1
DA:14,1
DA:15,1
DA:16,1
DA:17,1
DA:18,1
DA:19,1
DA:20,1
DA:21,1
DA:22,1
DA:23,1
DA:24,1
DA:25,1
DA:26,1
DA:27,1
DA:28,1
DA:29,1
DA:30,1
DA:31,1
DA:32,1
DA:33,1
DA:34,1
DA:35,1
DA:36,1
DA:37,1
DA:38,1
DA:39,1
DA:40,1
DA:41,0
DA:42,0
DA:43,1
DA:44,1
DA:45,1
DA:46,1
DA:47,1
DA:48,1
DA:49,1
DA:50,1
DA:51,1
DA:52,1
DA:53,1
DA:54,1
DA:55,1
LF:55
LH:53
BRDA:13,0,0,1
BRDA:19,1,0,1
BRDA:26,2,0,1
BRDA:45,3,0,1
BRDA:51,4,0,1
BRF:5
BRH:5
end_of_record
TN:
SF:src/presentation/todos/controller.ts
FN:9,<instance_members_initializer>
FN:8,TodosController
FN:12,handleError
FN:21,getTodos
FN:29,getTodoById
FN:44,createTodo
FN:54,updateTodo
FN:71,deleteTodo
FNF:8
FNH:8
FNDA:2,<instance_members_initializer>
FNDA:2,TodosController
FNDA:3,handleError
FNDA:1,getTodos
FNDA:3,getTodoById
FNDA:3,createTodo
FNDA:3,updateTodo
FNDA:2,deleteTodo
DA:1,1
DA:2,1
DA:3,1
DA:4,1
DA:5,1
DA:6,1
DA:7,1
DA:8,1
DA:9,2
DA:10,2
DA:11,2
DA:12,2
DA:13,3
DA:14,3
DA:15,3
DA:16,3
DA:17,0
DA:18,0
DA:19,2
DA:20,2
DA:21,2
DA:22,1
DA:23,1
DA:24,1
DA:25,1
DA:26,1
DA:27,1
DA:28,2
DA:29,2
DA:30,3
DA:31,3
DA:32,0
DA:33,0
DA:34,3
DA:35,3
DA:36,2
DA:37,2
DA:38,2
DA:39,2
DA:40,2
DA:41,2
DA:42,2
DA:43,2
DA:44,2
DA:45,3
DA:46,3
DA:47,1
DA:48,1
DA:49,1
DA:50,1
DA:51,1
DA:52,1
DA:53,2
DA:54,2
DA:55,3
DA:56,3
DA:57,3
DA:58,3
DA:59,3
DA:60,3
DA:61,3
DA:62,3
DA:63,3
DA:64,3
DA:65,3
DA:66,3
DA:67,3
DA:68,3
DA:69,3
DA:70,2
DA:71,2
DA:72,2
DA:73,2
DA:74,2
DA:75,2
DA:76,2
DA:77,2
DA:78,2
DA:79,2
DA:80,2
DA:81,2
DA:82,2
DA:83,1
LF:83
LH:79
BRDA:9,0,0,2
BRDA:8,1,0,2
BRDA:12,2,0,3
BRDA:17,3,0,0
BRDA:21,4,0,1
BRDA:25,5,0,1
BRDA:29,6,0,3
BRDA:31,7,0,0
BRDA:35,8,0,1
BRDA:36,9,0,2
BRDA:39,10,0,1
BRDA:40,11,0,1
BRDA:44,12,0,3
BRDA:46,13,0,2
BRDA:47,14,0,1
BRDA:50,15,0,1
BRDA:54,16,0,3
BRDA:56,17,0,0
BRDA:58,18,0,0
BRDA:62,19,0,0
BRDA:66,20,0,2
BRDA:67,21,0,1
BRDA:71,22,0,2
BRDA:73,23,0,0
BRDA:75,24,0,0
BRDA:79,25,0,1
BRDA:80,26,0,1
BRF:27
BRH:20
end_of_record
TN:
SF:src/presentation/todos/routes.ts
FN:7,get routes
FNF:1
FNH:1
FNDA:2,get routes
DA:1,1
DA:2,1
DA:3,1
DA:4,1
DA:5,1
DA:6,1
DA:7,1
DA:8,2
DA:9,2
DA:10,2
DA:11,2
DA:12,2
DA:13,2
DA:14,2
DA:15,2
DA:16,2
DA:17,2
DA:18,2
DA:19,2
DA:20,2
DA:21,2
DA:22,2
DA:23,1
LF:23
LH:23
BRDA:7,0,0,2
BRF:1
BRH:1
end_of_record
TN:
SF:src/test/presentation/todos/test-server.ts
FNF:0
FNH:0
DA:1,1
DA:2,1
DA:3,1
DA:4,1
DA:5,1
DA:6,1
DA:7,1
DA:8,1
LF:8
LH:8
BRF:0
BRH:0
end_of_record
